0 info it worked if it ends with ok
1 verbose cli [ '/Users/larissa_alb/.nvm/v0.10.33/bin/node',
1 verbose cli   '/Users/larissa_alb/.nvm/v0.10.33/bin/npm',
1 verbose cli   'start' ]
2 info using npm@1.4.28
3 info using node@v0.10.33
4 verbose run-script [ 'prestart', 'start', 'poststart' ]
5 info prestart animanimate@0.0.1
6 verbose unsafe-perm in lifecycle true
7 info start animanimate@0.0.1
8 verbose unsafe-perm in lifecycle true
9 info animanimate@0.0.1 Failed to exec start script
10 error animanimate@0.0.1 start: `cd app && http-server -a 0.0.0.0 -p 5000`
10 error Exit status 8
11 error Failed at the animanimate@0.0.1 start script.
11 error This is most likely a problem with the animanimate package,
11 error not with npm itself.
11 error Tell the author that this fails on your system:
11 error     cd app && http-server -a 0.0.0.0 -p 5000
11 error You can get their info via:
11 error     npm owner ls animanimate
11 error There is likely additional logging output above.
12 error System Darwin 11.4.2
13 error command "/Users/larissa_alb/.nvm/v0.10.33/bin/node" "/Users/larissa_alb/.nvm/v0.10.33/bin/npm" "start"
14 error cwd /Users/larissa_alb/dev/animanimate
15 error node -v v0.10.33
16 error npm -v 1.4.28
17 error code ELIFECYCLE
18 verbose exit [ 1, true ]
